Performing C++ SOURCE FILE Test CMAKE_HAVE_LIBC_PTHREAD failed with the following output:
Change Dir: /lclhome/tcickovs/PluMA/pipelines/GPU/build/CMakeFiles/CMakeTmp

Run Build Command(s):/usr/bin/gmake -f Makefile cmTC_9bf2e/fast && /usr/bin/gmake  -f CMakeFiles/cmTC_9bf2e.dir/build.make CMakeFiles/cmTC_9bf2e.dir/build
gmake[1]: Entering directory '/disk/delphi/users/tcickovs/PluMA/pipelines/GPU/build/CMakeFiles/CMakeTmp'
Building CXX object CMakeFiles/cmTC_9bf2e.dir/src.cxx.o
/usr/bin/c++ -DCMAKE_HAVE_LIBC_PTHREAD   -o CMakeFiles/cmTC_9bf2e.dir/src.cxx.o -c /lclhome/tcickovs/PluMA/pipelines/GPU/build/CMakeFiles/CMakeTmp/src.cxx
Linking CXX executable cmTC_9bf2e
/usr/bin/cmake -E cmake_link_script CMakeFiles/cmTC_9bf2e.dir/link.txt --verbose=1
/usr/bin/c++ CMakeFiles/cmTC_9bf2e.dir/src.cxx.o -o cmTC_9bf2e 
CMakeFiles/cmTC_9bf2e.dir/src.cxx.o: In function `main':
src.cxx:(.text+0x2d): undefined reference to `pthread_create'
src.cxx:(.text+0x39): undefined reference to `pthread_detach'
src.cxx:(.text+0x45): undefined reference to `pthread_cancel'
src.cxx:(.text+0x56): undefined reference to `pthread_join'
collect2: error: ld returned 1 exit status
gmake[1]: *** [CMakeFiles/cmTC_9bf2e.dir/build.make:99: cmTC_9bf2e] Error 1
gmake[1]: Leaving directory '/disk/delphi/users/tcickovs/PluMA/pipelines/GPU/build/CMakeFiles/CMakeTmp'
gmake: *** [Makefile:127: cmTC_9bf2e/fast] Error 2


Source file was:
#include <pthread.h>

static void* test_func(void* data)
{
  return data;
}

int main(void)
{
  pthread_t thread;
  pthread_create(&thread, NULL, test_func, NULL);
  pthread_detach(thread);
  pthread_cancel(thread);
  pthread_join(thread, NULL);
  pthread_atfork(NULL, NULL, NULL);
  pthread_exit(NULL);

  return 0;
}

Determining if the function pthread_create exists in the pthreads failed with the following output:
Change Dir: /lclhome/tcickovs/PluMA/pipelines/GPU/build/CMakeFiles/CMakeTmp

Run Build Command(s):/usr/bin/gmake -f Makefile cmTC_e4e99/fast && /usr/bin/gmake  -f CMakeFiles/cmTC_e4e99.dir/build.make CMakeFiles/cmTC_e4e99.dir/build
gmake[1]: Entering directory '/disk/delphi/users/tcickovs/PluMA/pipelines/GPU/build/CMakeFiles/CMakeTmp'
Building CXX object CMakeFiles/cmTC_e4e99.dir/CheckFunctionExists.cxx.o
/usr/bin/c++   -DCHECK_FUNCTION_EXISTS=pthread_create -o CMakeFiles/cmTC_e4e99.dir/CheckFunctionExists.cxx.o -c /lclhome/tcickovs/PluMA/pipelines/GPU/build/CMakeFiles/CheckLibraryExists/CheckFunctionExists.cxx
Linking CXX executable cmTC_e4e99
/usr/bin/cmake -E cmake_link_script CMakeFiles/cmTC_e4e99.dir/link.txt --verbose=1
/usr/bin/c++  -DCHECK_FUNCTION_EXISTS=pthread_create CMakeFiles/cmTC_e4e99.dir/CheckFunctionExists.cxx.o -o cmTC_e4e99  -lpthreads 
/usr/bin/ld: cannot find -lpthreads
collect2: error: ld returned 1 exit status
gmake[1]: *** [CMakeFiles/cmTC_e4e99.dir/build.make:99: cmTC_e4e99] Error 1
gmake[1]: Leaving directory '/disk/delphi/users/tcickovs/PluMA/pipelines/GPU/build/CMakeFiles/CMakeTmp'
gmake: *** [Makefile:127: cmTC_e4e99/fast] Error 2



